This is LuaTeX, Version beta-0.80.0 (TeX Live 2015/W32TeX) (rev 5238)  (format=lualatex 2016.2.26)  29 APR 2016 18:57
 restricted \write18 enabled.
**GuiasTP.tex
(./GuiasTP.tex
LaTeX2e <2015/01/01>
Babel <3.9l> and hyphenation patterns for 79 languages loaded.
(c:/texlive/2015/texmf-dist/tex/latex/base/article.cls
Document Class: article 2014/09/29 v1.4h Standard LaTeX document class
(c:/texlive/2015/texmf-dist/tex/latex/base/size11.clo
File: size11.clo 2014/09/29 v1.4h Standard LaTeX file (size option)
)
\c@part=\count79
\c@section=\count80
\c@subsection=\count81
\c@subsubsection=\count82
\c@paragraph=\count83
\c@subparagraph=\count84
\c@figure=\count85
\c@table=\count86
\abovecaptionskip=\skip41
\belowcaptionskip=\skip42
\bibindent=\dimen102
)
(c:/texlive/2015/texmf-dist/tex/latex/geometry/geometry.sty
Package: geometry 2010/09/12 v5.6 Page Geometry

(c:/texlive/2015/texmf-dist/tex/latex/graphics/keyval.sty
Package: keyval 2014/10/28 v1.15 key=value parser (DPC)
\KV@toks@=\toks14
)
(c:/texlive/2015/texmf-dist/tex/generic/oberdiek/ifpdf.sty
Package: ifpdf 2011/01/30 v2.3 Provides the ifpdf switch (HO)
Package ifpdf Info: pdfTeX in PDF mode is detected.
)
(c:/texlive/2015/texmf-dist/tex/generic/oberdiek/ifvtex.sty
Package: ifvtex 2010/03/01 v1.5 Detect VTeX and its facilities (HO)
Package ifvtex Info: VTeX not detected.
)
(c:/texlive/2015/texmf-dist/tex/generic/ifxetex/ifxetex.sty
Package: ifxetex 2010/09/12 v0.6 Provides ifxetex conditional
)
\Gm@cnth=\count87
\Gm@cntv=\count88
\c@Gm@tempcnt=\count89
\Gm@bindingoffset=\dimen103
\Gm@wd@mp=\dimen104
\Gm@odd@mp=\dimen105
\Gm@even@mp=\dimen106
\Gm@layoutwidth=\dimen107
\Gm@layoutheight=\dimen108
\Gm@layouthoffset=\dimen109
\Gm@layoutvoffset=\dimen110
\Gm@dimlist=\toks15
)
(c:/texlive/2015/texmf-dist/tex/latex/psnfss/charter.sty
Package: charter 2005/04/12 PSNFSS-v9.2a (P.Dyballa) 
)
(c:/texlive/2015/texmf-dist/tex/latex/listings/listings.sty
\lst@mode=\count90
\lst@gtempboxa=\box26
\lst@token=\toks16
\lst@length=\count91
\lst@currlwidth=\dimen111
\lst@column=\count92
\lst@pos=\count93
\lst@lostspace=\dimen112
\lst@width=\dimen113
\lst@newlines=\count94
\lst@lineno=\count95
\lst@maxwidth=\dimen114

(c:/texlive/2015/texmf-dist/tex/latex/listings/lstmisc.sty
File: lstmisc.sty 2014/09/06 1.5e (Carsten Heinz)
\c@lstnumber=\count96
\lst@skipnumbers=\count97
\lst@framebox=\box27
)
(c:/texlive/2015/texmf-dist/tex/latex/listings/listings.cfg
File: listings.cfg 2014/09/06 1.5e listings configuration
))
Package: listings 2014/09/06 1.5e (Carsten Heinz)

(c:/texlive/2015/texmf-dist/tex/latex/inconsolata/inconsolata.sty
Package: inconsolata 2014/06/22 v1.05

`inconsolata-zi4' v1.05, 2014/06/22 Text macros for Inconsolata (msharpe)
(c:/texlive/2015/texmf-dist/tex/latex/base/textcomp.sty
Package: textcomp 2005/09/27 v1.99g Standard LaTeX package
Package textcomp Info: Sub-encoding information:
(textcomp)               5 = only ISO-Adobe without \textcurrency
(textcomp)               4 = 5 + \texteuro
(textcomp)               3 = 4 + \textohm
(textcomp)               2 = 3 + \textestimated + \textcurrency
(textcomp)               1 = TS1 - \textcircled - \t
(textcomp)               0 = TS1 (full)
(textcomp)             Font families with sub-encoding setting implement
(textcomp)             only a restricted character set as indicated.
(textcomp)             Family '?' is the default used for unknown fonts.
(textcomp)             See the documentation for details.
Package textcomp Info: Setting ? sub-encoding to TS1/1 on input line 79.

(c:/texlive/2015/texmf-dist/tex/latex/base/ts1enc.def
File: ts1enc.def 2001/06/05 v3.0e (jk/car/fm) Standard LaTeX file
)
LaTeX Info: Redefining \oldstylenums on input line 334.
Package textcomp Info: Setting cmr sub-encoding to TS1/0 on input line 349.
Package textcomp Info: Setting cmss sub-encoding to TS1/0 on input line 350.
Package textcomp Info: Setting cmtt sub-encoding to TS1/0 on input line 351.
Package textcomp Info: Setting cmvtt sub-encoding to TS1/0 on input line 352.
Package textcomp Info: Setting cmbr sub-encoding to TS1/0 on input line 353.
Package textcomp Info: Setting cmtl sub-encoding to TS1/0 on input line 354.
Package textcomp Info: Setting ccr sub-encoding to TS1/0 on input line 355.
Package textcomp Info: Setting ptm sub-encoding to TS1/4 on input line 356.
Package textcomp Info: Setting pcr sub-encoding to TS1/4 on input line 357.
Package textcomp Info: Setting phv sub-encoding to TS1/4 on input line 358.
Package textcomp Info: Setting ppl sub-encoding to TS1/3 on input line 359.
Package textcomp Info: Setting pag sub-encoding to TS1/4 on input line 360.
Package textcomp Info: Setting pbk sub-encoding to TS1/4 on input line 361.
Package textcomp Info: Setting pnc sub-encoding to TS1/4 on input line 362.
Package textcomp Info: Setting pzc sub-encoding to TS1/4 on input line 363.
Package textcomp Info: Setting bch sub-encoding to TS1/4 on input line 364.
Package textcomp Info: Setting put sub-encoding to TS1/5 on input line 365.
Package textcomp Info: Setting uag sub-encoding to TS1/5 on input line 366.
Package textcomp Info: Setting ugq sub-encoding to TS1/5 on input line 367.
Package textcomp Info: Setting ul8 sub-encoding to TS1/4 on input line 368.
Package textcomp Info: Setting ul9 sub-encoding to TS1/4 on input line 369.
Package textcomp Info: Setting augie sub-encoding to TS1/5 on input line 370.
Package textcomp Info: Setting dayrom sub-encoding to TS1/3 on input line 371.
Package textcomp Info: Setting dayroms sub-encoding to TS1/3 on input line 372.
Package textcomp Info: Setting pxr sub-encoding to TS1/0 on input line 373.
Package textcomp Info: Setting pxss sub-encoding to TS1/0 on input line 374.
Package textcomp Info: Setting pxtt sub-encoding to TS1/0 on input line 375.
Package textcomp Info: Setting txr sub-encoding to TS1/0 on input line 376.
Package textcomp Info: Setting txss sub-encoding to TS1/0 on input line 377.
Package textcomp Info: Setting txtt sub-encoding to TS1/0 on input line 378.
Package textcomp Info: Setting lmr sub-encoding to TS1/0 on input line 379.
Package textcomp Info: Setting lmdh sub-encoding to TS1/0 on input line 380.
Package textcomp Info: Setting lmss sub-encoding to TS1/0 on input line 381.
Package textcomp Info: Setting lmssq sub-encoding to TS1/0 on input line 382.
Package textcomp Info: Setting lmvtt sub-encoding to TS1/0 on input line 383.
Package textcomp Info: Setting lmtt sub-encoding to TS1/0 on input line 384.
Package textcomp Info: Setting qhv sub-encoding to TS1/0 on input line 385.
Package textcomp Info: Setting qag sub-encoding to TS1/0 on input line 386.
Package textcomp Info: Setting qbk sub-encoding to TS1/0 on input line 387.
Package textcomp Info: Setting qcr sub-encoding to TS1/0 on input line 388.
Package textcomp Info: Setting qcs sub-encoding to TS1/0 on input line 389.
Package textcomp Info: Setting qpl sub-encoding to TS1/0 on input line 390.
Package textcomp Info: Setting qtm sub-encoding to TS1/0 on input line 391.
Package textcomp Info: Setting qzc sub-encoding to TS1/0 on input line 392.
Package textcomp Info: Setting qhvc sub-encoding to TS1/0 on input line 393.
Package textcomp Info: Setting futs sub-encoding to TS1/4 on input line 394.
Package textcomp Info: Setting futx sub-encoding to TS1/4 on input line 395.
Package textcomp Info: Setting futj sub-encoding to TS1/4 on input line 396.
Package textcomp Info: Setting hlh sub-encoding to TS1/3 on input line 397.
Package textcomp Info: Setting hls sub-encoding to TS1/3 on input line 398.
Package textcomp Info: Setting hlst sub-encoding to TS1/3 on input line 399.
Package textcomp Info: Setting hlct sub-encoding to TS1/5 on input line 400.
Package textcomp Info: Setting hlx sub-encoding to TS1/5 on input line 401.
Package textcomp Info: Setting hlce sub-encoding to TS1/5 on input line 402.
Package textcomp Info: Setting hlcn sub-encoding to TS1/5 on input line 403.
Package textcomp Info: Setting hlcw sub-encoding to TS1/5 on input line 404.
Package textcomp Info: Setting hlcf sub-encoding to TS1/5 on input line 405.
Package textcomp Info: Setting pplx sub-encoding to TS1/3 on input line 406.
Package textcomp Info: Setting pplj sub-encoding to TS1/3 on input line 407.
Package textcomp Info: Setting ptmx sub-encoding to TS1/4 on input line 408.
Package textcomp Info: Setting ptmj sub-encoding to TS1/4 on input line 409.
)
\zifour@ocount=\count98
)
(c:/texlive/2015/texmf-dist/tex/latex/wasysym/wasysym.sty
Package: wasysym 2003/10/30 v2.0 Wasy-2 symbol support package
\symwasy=\mathgroup4
LaTeX Font Info:    Overwriting symbol font `wasy' in version `bold'
(Font)                  U/wasy/m/n --> U/wasy/b/n on input line 90.
)
(c:/texlive/2015/texmf-dist/tex/latex/listings/lstlang1.sty
File: lstlang1.sty 2014/09/06 1.5e listings language file
) (./GuiasTP.aux)
\openout1 = GuiasTP.aux

LaTeX Font Info:    Checking defaults for OML/cmm/m/it on input line 19.
LaTeX Font Info:    ... okay on input line 19.
LaTeX Font Info:    Checking defaults for T1/cmr/m/n on input line 19.
LaTeX Font Info:    ... okay on input line 19.
LaTeX Font Info:    Checking defaults for OT1/cmr/m/n on input line 19.
LaTeX Font Info:    ... okay on input line 19.
LaTeX Font Info:    Checking defaults for OMS/cmsy/m/n on input line 19.
LaTeX Font Info:    ... okay on input line 19.
LaTeX Font Info:    Checking defaults for OMX/cmex/m/n on input line 19.
LaTeX Font Info:    ... okay on input line 19.
LaTeX Font Info:    Checking defaults for U/cmr/m/n on input line 19.
LaTeX Font Info:    ... okay on input line 19.
LaTeX Font Info:    Checking defaults for TS1/cmr/m/n on input line 19.
LaTeX Font Info:    Try loading font information for TS1+cmr on input line 19.

(c:/texlive/2015/texmf-dist/tex/latex/base/ts1cmr.fd
File: ts1cmr.fd 2014/09/29 v2.5h Standard LaTeX font definitions
)
LaTeX Font Info:    ... okay on input line 19.
LaTeX Font Info:    Try loading font information for OT1+bch on input line 19.

(c:/texlive/2015/texmf-dist/tex/latex/psnfss/ot1bch.fd
File: ot1bch.fd 2004/10/18 font definitions for OT1/bch.
)
*geometry* driver: auto-detecting
*geometry* detected driver: pdftex
*geometry* verbose mode - [ preamble ] result:
* driver: pdftex
* paper: a4paper
* layout: <same size as paper>
* layoutoffset:(h,v)=(0.0pt,0.0pt)
* modes: 
* h-part:(L,W,R)=(57.81621pt, 481.87546pt, 57.81621pt)
* v-part:(T,H,B)=(57.81621pt, 729.41443pt, 57.81621pt)
* \paperwidth=597.50787pt
* \paperheight=845.04684pt
* \textwidth=481.87546pt
* \textheight=729.41443pt
* \oddsidemargin=-14.45378pt
* \evensidemargin=-14.45378pt
* \topmargin=-51.45378pt
* \headheight=12.0pt
* \headsep=25.0pt
* \topskip=11.0pt
* \footskip=30.0pt
* \marginparwidth=50.0pt
* \marginparsep=10.0pt
* \columnsep=10.0pt
* \skip\footins=10.0pt plus 4.0pt minus 2.0pt
* \hoffset=0.0pt
* \voffset=0.0pt
* \mag=1000
* \@twocolumnfalse
* \@twosidefalse
* \@mparswitchfalse
* \@reversemarginfalse
* (1in=72.27pt=25.4mm, 1cm=28.453pt)

\c@lstlisting=\count99
(c:/texlive/2015/texmf-dist/tex/latex/upquote/upquote.sty
Package: upquote 2012/04/19 v1.3 upright-quote and grave-accent glyphs in verbat
im
)
(./Guia01/Ej01-01.tex) (./Guia01/Ej150102.txt)
LaTeX Font Info:    Try loading font information for OT1+zi4 on input line 27.

(c:/texlive/2015/texmf-dist/tex/latex/inconsolata/ot1zi4.fd
File: ot1zi4.fd 2014/06/22 OT1/zi4 (Inconsolata)
)
(./Guia01/Ej01-02.py
LaTeX Font Info:    Try loading font information for U+wasy on input line 1.
 (c:/texlive/2015/texmf-dist/tex/latex/wasysym/uwasy.fd
File: uwasy.fd 2003/10/30 v2.0 Wasy-2 symbol font definitions
)

LaTeX Font Warning: Font shape `OT1/zi4/m/it' undefined
(Font)              using `OT1/zi4/m/n' instead on input line 3.


LaTeX Font Warning: Font shape `U/wasy/m/it' undefined
(Font)              using `U/wasy/m/n' instead on input line 3.


LaTeX Font Warning: Font shape `U/wasy/b/n' in size <8> not available
(Font)              Font shape `U/wasy/m/n' tried instead on input line 4.

) (./Guia01/Ej150103.txt) (./Guia01/Ej01-03.py) (./Guia01/Ej150104.txt)
(./Guia01/Ej01-04.py [1

{c:/texlive/2015/texmf-var/fonts/map/pdftex/updmap/pdftex.map}
Missing character: There is no ú (U+00FA) in font bchb7t!
Missing character: There is no á (U+00E1) in font bchr7t!
Missing character: There is no á (U+00E1) in font bchr7t!
Missing character: There is no ó (U+00F3) in font bchr7t!
Missing character: There is no í (U+00ED) in font bchr7t!
Missing character: There is no ¿ (U+00BF) in font bchr7t!
Missing character: There is no ó (U+00F3) in font bchr7t!
Missing character: There is no í (U+00ED) in font bchr7t!
Missing character: There is no ¿ (U+00BF) in font bchr7t!
Missing character: There is no ó (U+00F3) in font bchr7t!
Missing character: There is no í (U+00ED) in font bchr7t!
Missing character: There is no ú (U+00FA) in font bchr7t!
Missing character: There is no í (U+00ED) in font bchr7t!
Missing character: There is no ú (U+00FA) in font bchr7t!
Missing character: There is no ú (U+00FA) in font bchr7t!
Missing character: There is no í (U+00ED) in font bchr7t!
Missing character: There is no ú (U+00FA) in font bchr7t!
Missing character: There is no í (U+00ED) in font bchr7t!
Missing character: There is no ¿ (U+00BF) in font bchr7t!
Missing character: There is no á (U+00E1) in font bchr7t!
Missing character: There is no ú (U+00FA) in font bchr7t!
Missing character: There is no í (U+00ED) in font bchr7t!
Missing character: There is no í (U+00ED) in font bchr7t!
Missing character: There is no í (U+00ED) in font bchr7t!
Missing character: There is no ó (U+00F3) in font bchr7t!
Missing character: There is no ó (U+00F3) in font bchr7t!
Missing character: There is no í (U+00ED) in font bchr7t!
Missing character: There is no ó (U+00F3) in font bchr7t!
Missing character: There is no í (U+00ED) in font bchr7t!
Missing character: There is no ó (U+00F3) in font bchr7t!
]) (./Guia01/Ej150105.txt) (./Guia01/Ej01-05.py) (./Guia01/Ej150106.txt)
(./Guia01/Ej01-06.py) (./Guia01/Ej150108.txt) (./Guia01/Ej01-08.py [2
Missing character: There is no ó (U+00F3) in font ot1-zi4r-0!
Missing character: There is no é (U+00E9) in font bchr7t!
Missing character: There is no á (U+00E1) in font bchr7t!
Missing character: There is no ó (U+00F3) in font bchr7t!
Missing character: There is no á (U+00E1) in font bchr7t!
Missing character: There is no í (U+00ED) in font bchr7t!
Missing character: There is no ó (U+00F3) in font bchr7t!
Missing character: There is no í (U+00ED) in font bchr7t!
Missing character: There is no ñ (U+00F1) in font bchr7t!
Missing character: There is no í (U+00ED) in font bchr7t!
Missing character: There is no ñ (U+00F1) in font bchr7t!
Missing character: There is no ñ (U+00F1) in font ot1-zi4r-0!
Missing character: There is no á (U+00E1) in font bchr7t!
Missing character: There is no é (U+00E9) in font bchr7t!
])
(./Guia01/Ej150109.txt) (./Guia01/Ej01-09.py) (./Guia01/Ej150110.txt)
(./Guia01/Ej01-10.py) [3
Missing character: There is no ó (U+00F3) in font ot1-zi4r-0!
Missing character: There is no ú (U+00FA) in font ot1-zi4r-0!
Missing character: There is no í (U+00ED) in font ot1-zi4r-0!
Missing character: There is no á (U+00E1) in font bchr7t!
Missing character: There is no á (U+00E1) in font bchr7t!
Missing character: There is no á (U+00E1) in font bchr7t!
Missing character: There is no é (U+00E9) in font bchr7t!
Missing character: There is no á (U+00E1) in font bchr7t!
Missing character: There is no á (U+00E1) in font bchr7t!
Missing character: There is no é (U+00E9) in font bchr7t!
Missing character: There is no ú (U+00FA) in font bchr7t!
Missing character: There is no á (U+00E1) in font ot1-zi4r-0!
Missing character: There is no í (U+00ED) in font bchr7t!
Missing character: There is no ó (U+00F3) in font bchr7t!
Missing character: There is no ó (U+00F3) in font bchr7t!
Missing character: There is no í (U+00ED) in font bchr7t!
Missing character: There is no á (U+00E1) in font bchr7t!
Missing character: There is no í (U+00ED) in font bchr7t!
Missing character: There is no ú (U+00FA) in font bchr7t!
Missing character: There is no á (U+00E1) in font bchr7t!
] (./Guia01/Ej150111.txt) (./Guia01/Ej01-11.py)
(./Guia01/Ej150112.txt) (./Guia01/Ej01-12.py) [4
Missing character: There is no ó (U+00F3) in font bchr7t!
Missing character: There is no á (U+00E1) in font bchr7t!
Missing character: There is no ó (U+00F3) in font bchr7t!
Missing character: There is no á (U+00E1) in font bchr7t!
Missing character: There is no ¿ (U+00BF) in font bchr7t!
Missing character: There is no é (U+00E9) in font bchr7t!
] (./Guia01/Ej150113.txt)
(./Guia01/Ej01-13.py) [5
Missing character: There is no é (U+00E9) in font bchr7t!
Missing character: There is no í (U+00ED) in font bchr7t!
Missing character: There is no á (U+00E1) in font bchr7t!
Missing character: There is no í (U+00ED) in font bchr7t!
Missing character: There is no á (U+00E1) in font bchr7t!
Missing character: There is no ó (U+00F3) in font bchr7t!
] (./GuiasTP.aux)

LaTeX Font Warning: Some font shapes were not available, defaults substituted.

)

Here is how much of LuaTeX's memory you used:
 3542 strings out of 494693
 244186,154059 words of node,token memory allocated
 276 words of node memory still in use:
   2 hlist, 1 vlist, 1 rule, 2 glue, 40 glue_spec, 1 write nodes
   avail lists: 1:1,2:20,3:75,4:7397,5:6803,6:3068,7:4615,8:1,9:10553,10:772
 6965 multiletter control sequences out of 65536+600000
 33 fonts using 933335 bytes
 30i,5n,40p,351b,725s stack positions out of 5000i,500n,10000p,200000b,100000s
{c:/texlive/2015/texmf-dist/fonts/enc/dvips/inconsolata/i4-ot1-0.enc}{c:/texlive
/2015/texmf-dist/fonts/enc/dvips/base/8r.enc}<<c:/texlive/2015/texmf-dist/fonts/
type1/public/inconsolata/Inconsolata-zi4b.pfb><<c:/texlive/2015/texmf-dist/fonts
/type1/public/inconsolata/Inconsolata-zi4r.pfb><<c:/texlive/2015/texmf-dist/font
s/type1/bitstrea/charter/bchb8a.pfb><<c:/texlive/2015/texmf-dist/fonts/type1/bit
strea/charter/bchr8a.pfb><<c:/texlive/2015/texmf-dist/fonts/type1/public/wasy2-p
s/wasy8.pfb>
Output written on GuiasTP.pdf (5 pages, 60539 bytes).

PDF statistics: 42 PDF objects out of 1000 (max. 8388607)
 29 compressed objects within 1 object stream
 0 named destinations out of 1000 (max. 131072)
 1 words of extra memory for PDF output out of 10000 (max. 10000000)

